Base path: C:/Program Files/Unity/Hub/Editor/2019.1.0f2/Editor/Data
Cmd: initializeCompiler
Cmd: compileComputeKernel
  api=4 insize=14406 outsize=110837 ok=1
Cmd: compileComputeKernel
  api=4 insize=14406 outsize=47201 ok=1
Cmd: compileComputeKernel
  api=4 insize=14406 outsize=36625 ok=1
Cmd: compileComputeKernel
  api=4 insize=14406 outsize=67073 ok=1
Cmd: compileComputeKernel
  api=4 insize=26648 outsize=13793 ok=1
Cmd: compileComputeKernel
  api=4 insize=26648 outsize=16041 ok=1
Cmd: compileComputeKernel
  api=4 insize=1042 outsize=3157 ok=1
Cmd: compileComputeKernel
  api=4 insize=11061 outsize=5593 ok=1
Cmd: compileComputeKernel
  api=4 insize=9347 outsize=7569 ok=1
Cmd: compileComputeKernel
  api=4 insize=6309 outsize=3841 ok=1
Cmd: compileComputeKernel
  api=4 insize=2532 outsize=1877 ok=1
Cmd: compileComputeKernel
  api=4 insize=12262 outsize=9925 ok=1
Cmd: compileComputeKernel
  api=4 insize=10562 outsize=613 ok=1
Cmd: compileComputeKernel
  api=4 insize=20012 outsize=14753 ok=1
Cmd: compileComputeKernel
  api=4 insize=2905 outsize=1849 ok=1
Cmd: compileComputeKernel
  api=4 insize=7704 outsize=297 ok=1
Cmd: compileComputeKernel
  api=4 insize=34508 outsize=33021 ok=1
Cmd: compileComputeKernel
  api=4 insize=34508 outsize=36169 ok=1
Cmd: compileComputeKernel
  api=4 insize=5089 outsize=1541 ok=1
Cmd: compileComputeKernel
  api=4 insize=2596 outsize=2085 ok=1
Cmd: compileComputeKernel
  api=4 insize=3043 outsize=2701 ok=1
Cmd: compileComputeKernel
  api=4 insize=7712 outsize=5745 ok=1
Cmd: compileComputeKernel
  api=4 insize=3918 outsize=945 ok=1
Cmd: compileComputeKernel
  api=4 insize=5723 outsize=5017 ok=1
Cmd: compileSnippet
  api=4 type=0 insize=7237 outsize=810 kw=_NORMALMAP_TANGENT_SPACE _MASKMAP pd=UNITY_ENABLE_REFLECTION_BUFFERS UNITY_USE_DITHER_MASK_FOR_ALPHABLENDED_SHADOWS UNITY_PBS_USE_BRDF1 UNITY_SPECCUBE_BOX_PROJECTION UNITY_SPECCUBE_BLENDING UNITY_ENABLE_DETAIL_NORMALMAP SHADER_API_DESKTOP UNITY_LIGHT_PROBE_PROXY_VOLUME UNITY_LIGHTMAP_FULL_HDR ok=1
Cmd: compileSnippet
  api=4 type=0 insize=7060 outsize=810 kw=_NORMALMAP_TANGENT_SPACE pd=UNITY_ENABLE_REFLECTION_BUFFERS UNITY_USE_DITHER_MASK_FOR_ALPHABLENDED_SHADOWS UNITY_PBS_USE_BRDF1 UNITY_SPECCUBE_BOX_PROJECTION UNITY_SPECCUBE_BLENDING UNITY_ENABLE_DETAIL_NORMALMAP SHADER_API_DESKTOP UNITY_LIGHT_PROBE_PROXY_VOLUME UNITY_LIGHTMAP_FULL_HDR ok=1
Cmd: compileSnippet
  api=4 type=1 insize=7125 outsize=562 kw=UNITY_PASS_MOTIONVECTORS _NORMALMAP_TANGENT_SPACE pd=UNITY_ENABLE_REFLECTION_BUFFERS UNITY_USE_DITHER_MASK_FOR_ALPHABLENDED_SHADOWS UNITY_PBS_USE_BRDF1 UNITY_SPECCUBE_BOX_PROJECTION UNITY_SPECCUBE_BLENDING UNITY_ENABLE_DETAIL_NORMALMAP SHADER_API_DESKTOP UNITY_LIGHT_PROBE_PROXY_VOLUME UNITY_LIGHTMAP_FULL_HDR ok=1
Cmd: compileSnippet
  api=4 type=0 insize=7237 outsize=810 kw=_NORMALMAP_TANGENT_SPACE _NORMALMAP pd=UNITY_ENABLE_REFLECTION_BUFFERS UNITY_USE_DITHER_MASK_FOR_ALPHABLENDED_SHADOWS UNITY_PBS_USE_BRDF1 UNITY_SPECCUBE_BOX_PROJECTION UNITY_SPECCUBE_BLENDING UNITY_ENABLE_DETAIL_NORMALMAP SHADER_API_DESKTOP UNITY_LIGHT_PROBE_PROXY_VOLUME UNITY_LIGHTMAP_FULL_HDR ok=1
Cmd: compileSnippet
  api=4 type=0 insize=25836 outsize=1702 kw=DECALS_3RT pd=UNITY_ENABLE_REFLECTION_BUFFERS UNITY_USE_DITHER_MASK_FOR_ALPHABLENDED_SHADOWS UNITY_PBS_USE_BRDF1 UNITY_SPECCUBE_BOX_PROJECTION UNITY_SPECCUBE_BLENDING UNITY_ENABLE_DETAIL_NORMALMAP SHADER_API_DESKTOP UNITY_LIGHT_PROBE_PROXY_VOLUME UNITY_LIGHTMAP_FULL_HDR ok=1
Cmd: compileSnippet
  api=4 type=1 insize=29042 outsize=4930 kw=DECALS_3RT pd=UNITY_ENABLE_REFLECTION_BUFFERS UNITY_USE_DITHER_MASK_FOR_ALPHABLENDED_SHADOWS UNITY_PBS_USE_BRDF1 UNITY_SPECCUBE_BOX_PROJECTION UNITY_SPECCUBE_BLENDING UNITY_ENABLE_DETAIL_NORMALMAP SHADER_API_DESKTOP UNITY_LIGHT_PROBE_PROXY_VOLUME UNITY_LIGHTMAP_FULL_HDR ok=1
Cmd: compileSnippet
  api=4 type=1 insize=29223 outsize=73654 kw=DECALS_3RT SHADOW_LOW pd=UNITY_ENABLE_REFLECTION_BUFFERS UNITY_USE_DITHER_MASK_FOR_ALPHABLENDED_SHADOWS UNITY_PBS_USE_BRDF1 UNITY_SPECCUBE_BOX_PROJECTION UNITY_SPECCUBE_BLENDING UNITY_ENABLE_DETAIL_NORMALMAP SHADER_API_DESKTOP UNITY_LIGHT_PROBE_PROXY_VOLUME UNITY_LIGHTMAP_FULL_HDR ok=1
